{"C:\\tmp\\webapps\\todo-react-redux\\app\\store\\stateTree.js": {"path":"C:\\tmp\\webapps\\todo-react-redux\\app\\store\\stateTree.js","statementMap":{"0":{"start":{"line":1,"column":18},"end":{"line":9,"column":1}}},"fnMap":{},"branchMap":{},"s":{"0":1},"f":{},"b":{},"_coverageSchema":"332fd63041d2c1bcb487cc26dd0d5f7d97098a6c","hash":"71bca860b7f1823299dbc21fe033b61ece519dbd"}
,"C:\\tmp\\webapps\\todo-react-redux\\app\\store\\actions\\action-types.js": {"path":"C:\\tmp\\webapps\\todo-react-redux\\app\\store\\actions\\action-types.js","statementMap":{"0":{"start":{"line":1,"column":16},"end":{"line":5,"column":1}}},"fnMap":{},"branchMap":{},"s":{"0":1},"f":{},"b":{},"_coverageSchema":"332fd63041d2c1bcb487cc26dd0d5f7d97098a6c","hash":"faa58c7609feaa0d7af5d728f0e58315c6c48aec"}
,"C:\\tmp\\webapps\\todo-react-redux\\app\\store\\reducers\\toDoReducer.js": {"path":"C:\\tmp\\webapps\\todo-react-redux\\app\\store\\reducers\\toDoReducer.js","statementMap":{"0":{"start":{"line":11,"column":1},"end":{"line":26,"column":2}},"1":{"start":{"line":15,"column":3},"end":{"line":15,"column":61}},"2":{"start":{"line":17,"column":3},"end":{"line":17,"column":61}},"3":{"start":{"line":20,"column":3},"end":{"line":20,"column":49}},"4":{"start":{"line":21,"column":3},"end":{"line":21,"column":33}},"5":{"start":{"line":22,"column":3},"end":{"line":22,"column":61}},"6":{"start":{"line":25,"column":3},"end":{"line":25,"column":16}}},"fnMap":{"0":{"name":"toDoReducer","decl":{"start":{"line":4,"column":24},"end":{"line":4,"column":35}},"loc":{"start":{"line":7,"column":2},"end":{"line":27,"column":1}},"line":7}},"branchMap":{"0":{"loc":{"start":{"line":5,"column":1},"end":{"line":5,"column":18}},"type":"default-arg","locations":[{"start":{"line":5,"column":9},"end":{"line":5,"column":18}}],"line":5},"1":{"loc":{"start":{"line":11,"column":1},"end":{"line":26,"column":2}},"type":"switch","locations":[{"start":{"line":13,"column":2},"end":{"line":17,"column":61}},{"start":{"line":19,"column":2},"end":{"line":22,"column":61}},{"start":{"line":24,"column":2},"end":{"line":25,"column":16}}],"line":11}},"s":{"0":6,"1":2,"2":2,"3":2,"4":2,"5":2,"6":2},"f":{"0":6},"b":{"0":[1],"1":[2,2,2]},"_coverageSchema":"332fd63041d2c1bcb487cc26dd0d5f7d97098a6c","hash":"233d36fefe5a1acc901729294221c3b32d6f5473"}
}
