TN:
SF:C:\tmp\webapps\todo-react-redux\app\store\stateTree.js
FNF:0
FNH:0
DA:1,1
LF:1
LH:1
BRF:0
BRH:0
end_of_record
TN:
SF:C:\tmp\webapps\todo-react-redux\app\store\actions\action-types.js
FNF:0
FNH:0
DA:1,1
LF:1
LH:1
BRF:0
BRH:0
end_of_record
TN:
SF:C:\tmp\webapps\todo-react-redux\app\store\reducers\toDoReducer.js
FN:4,toDoReducer
FNF:1
FNH:1
FNDA:6,toDoReducer
DA:11,6
DA:15,2
DA:17,2
DA:20,2
DA:21,2
DA:22,2
DA:25,2
LF:7
LH:7
BRDA:5,0,0,1
BRDA:11,1,0,2
BRDA:11,1,1,2
BRDA:11,1,2,2
BRF:4
BRH:4
end_of_record
